Determining if the pthread_create exist failed with the following output:
Change Dir: /home/csmajs/agarc305/lab-02/CMakeFiles/CMakeTmp

Run Build Command:"/usr/bin/gmake" "cmTC_aaa45/fast"
gmake[1]: Entering directory `/home/csmajs/agarc305/lab-02/CMakeFiles/CMakeTmp'
/usr/bin/gmake -f CMakeFiles/cmTC_aaa45.dir/build.make CMakeFiles/cmTC_aaa45.dir/build
gmake[2]: Entering directory `/home/csmajs/agarc305/lab-02/CMakeFiles/CMakeTmp'
Building C object CMakeFiles/cmTC_aaa45.dir/CheckSymbolExists.c.o
/usr/bin/cc    -o CMakeFiles/cmTC_aaa45.dir/CheckSymbolExists.c.o   -c /home/csmajs/agarc305/lab-02/CMakeFiles/CMakeTmp/CheckSymbolExists.c
Linking C executable cmTC_aaa45
/usr/bin/cmake3 -E cmake_link_script CMakeFiles/cmTC_aaa45.dir/link.txt --verbose=1
/usr/bin/cc      -rdynamic CMakeFiles/cmTC_aaa45.dir/CheckSymbolExists.c.o  -o cmTC_aaa45 
CMakeFiles/cmTC_aaa45.dir/CheckSymbolExists.c.o: In function `main':
CheckSymbolExists.c:(.text+0x16): undefined reference to `pthread_create'
collect2: error: ld returned 1 exit status
gmake[2]: *** [cmTC_aaa45] Error 1
gmake[2]: Leaving directory `/home/csmajs/agarc305/lab-02/CMakeFiles/CMakeTmp'
gmake[1]: *** [cmTC_aaa45/fast] Error 2
gmake[1]: Leaving directory `/home/csmajs/agarc305/lab-02/CMakeFiles/CMakeTmp'

File /home/csmajs/agarc305/lab-02/CMakeFiles/CMakeTmp/CheckSymbolExists.c:
/* */
#include <pthread.h>

int main(int argc, char** argv)
{
  (void)argv;
#ifndef pthread_create
  return ((int*)(&pthread_create))[argc];
#else
  (void)argc;
  return 0;
#endif
}

Determining if the function pthread_create exists in the pthreads failed with the following output:
Change Dir: /home/csmajs/agarc305/lab-02/CMakeFiles/CMakeTmp

Run Build Command:"/usr/bin/gmake" "cmTC_2cebb/fast"
gmake[1]: Entering directory `/home/csmajs/agarc305/lab-02/CMakeFiles/CMakeTmp'
/usr/bin/gmake -f CMakeFiles/cmTC_2cebb.dir/build.make CMakeFiles/cmTC_2cebb.dir/build
gmake[2]: Entering directory `/home/csmajs/agarc305/lab-02/CMakeFiles/CMakeTmp'
Building C object CMakeFiles/cmTC_2cebb.dir/CheckFunctionExists.c.o
/usr/bin/cc   -DCHECK_FUNCTION_EXISTS=pthread_create   -o CMakeFiles/cmTC_2cebb.dir/CheckFunctionExists.c.o   -c /usr/share/cmake3/Modules/CheckFunctionExists.c
Linking C executable cmTC_2cebb
/usr/bin/cmake3 -E cmake_link_script CMakeFiles/cmTC_2cebb.dir/link.txt --verbose=1
/usr/bin/cc  -DCHECK_FUNCTION_EXISTS=pthread_create    -rdynamic CMakeFiles/cmTC_2cebb.dir/CheckFunctionExists.c.o  -o cmTC_2cebb -lpthreads 
/usr/bin/ld: cannot find -lpthreads
collect2: error: ld returned 1 exit status
gmake[2]: *** [cmTC_2cebb] Error 1
gmake[2]: Leaving directory `/home/csmajs/agarc305/lab-02/CMakeFiles/CMakeTmp'
gmake[1]: *** [cmTC_2cebb/fast] Error 2
gmake[1]: Leaving directory `/home/csmajs/agarc305/lab-02/CMakeFiles/CMakeTmp'


